{"name":"app","hostname":"dhvac","pid":3416,"module":{"name":"BaseApp"},"level":20,"msg":"logger initiated","time":"2015-10-04T15:32:16.663Z","v":0}
{"name":"app","hostname":"dhvac","pid":3416,"module":{"plugin":true,"name":"web"},"level":20,"msg":"initiate","time":"2015-10-04T15:32:17.171Z","v":0}
{"name":"app","hostname":"dhvac","pid":3416,"module":{"plugin":true,"name":"storage"},"level":20,"msg":"initialized","time":"2015-10-04T15:32:17.481Z","v":0}
{"name":"app","hostname":"dhvac","pid":3416,"module":{"plugin":true,"name":"storage"},"level":20,"msg":"storage initiate","time":"2015-10-04T15:32:17.482Z","v":0}
{"name":"app","hostname":"dhvac","pid":3416,"module":{"plugin":true,"name":"storage-logger"},"level":20,"msg":"initialized","time":"2015-10-04T15:32:17.495Z","v":0}
{"name":"app","hostname":"dhvac","pid":3416,"module":{"plugin":true,"name":"uart-board"},"level":20,"msg":"initialized","time":"2015-10-04T15:32:17.618Z","v":0}
{"name":"app","hostname":"dhvac","pid":3416,"module":{"plugin":true,"name":"script-runner-simple"},"level":20,"msg":"attached","time":"2015-10-04T15:32:17.770Z","v":0}
{"name":"app","hostname":"dhvac","pid":3416,"module":{"plugin":true,"name":"storage-cmd"},"level":20,"msg":"attached","time":"2015-10-04T15:32:17.820Z","v":0}
{"name":"app","hostname":"dhvac","pid":3416,"module":{"name":"GLOBAL"},"level":20,"msg":"creating /home/vagrant/testbox/sensor-web-exp/app/work/web/upload ...","time":"2015-10-04T15:32:17.844Z","v":0}
{"name":"app","hostname":"dhvac","pid":3416,"module":{"plugin":true,"name":"storage"},"level":20,"msg":"trying to create /home/vagrant/testbox/sensor-web-exp/app/work/storage if missing ...","time":"2015-10-04T15:32:17.846Z","v":0}
{"name":"app","hostname":"dhvac","pid":3416,"module":{"name":"GLOBAL"},"level":20,"msg":"creating /home/vagrant/testbox/sensor-web-exp/app/work/storage ...","time":"2015-10-04T15:32:17.846Z","v":0}
{"name":"app","hostname":"dhvac","pid":3416,"module":{"plugin":true,"name":"uart-board"},"level":20,"msg":"initiated","time":"2015-10-04T15:32:17.934Z","v":0}
{"name":"app","hostname":"dhvac","pid":3416,"module":{"plugin":true,"name":"uart-board"},"level":30,"msg":"successfully initiate communicators[0] - \u001b[32msensorboard\u001b[39m - \u001b[33mtcp://127.0.0.1:7005/\u001b[39m","time":"2015-10-04T15:32:17.936Z","v":0}
{"name":"app","hostname":"dhvac","pid":3416,"module":{"plugin":true,"name":"script-runner-simple"},"level":20,"msg":"configs[0] = {\"name\":\"system\",\"command\":\"/home/vagrant/testbox/sensor-web-exp/app/scripts/stats\",\"args\":[\"cpu\",\"apps_x\"],\"cwd\":\"/home/vagrant/testbox/sensor-web-exp/app\",\"env\":{\"OUTPUT_SENSORWEB\":false,\"WAIT_TIME\":1}}","time":"2015-10-04T15:32:17.947Z","v":0}
{"name":"app","hostname":"dhvac","pid":3416,"module":{"plugin":true,"name":"script-runner-simple"},"level":20,"msg":"system launched.","time":"2015-10-04T15:32:17.947Z","v":0}
{"name":"app","hostname":"dhvac","pid":3416,"module":{"plugin":true,"name":"script-runner-simple"},"level":20,"msg":"configs[1] = {\"name\":\"disk\",\"command\":\"/home/vagrant/testbox/sensor-web-exp/app/scripts/stats\",\"args\":[\"disk\"],\"cwd\":\"/home/vagrant/testbox/sensor-web-exp/app\",\"env\":{\"OUTPUT_SENSORWEB\":false,\"WAIT_TIME\":60}}","time":"2015-10-04T15:32:17.957Z","v":0}
{"name":"app","hostname":"dhvac","pid":3416,"module":{"plugin":true,"name":"script-runner-simple"},"level":20,"msg":"disk launched.","time":"2015-10-04T15:32:17.957Z","v":0}
{"name":"app","hostname":"dhvac","pid":3416,"module":{"plugin":true,"name":"script-runner-simple"},"level":20,"msg":"configs[2] = {\"name\":\"ram\",\"command\":\"/home/vagrant/testbox/sensor-web-exp/app/scripts/stats\",\"args\":[\"ram\"],\"cwd\":\"/home/vagrant/testbox/sensor-web-exp/app\",\"env\":{\"OUTPUT_SENSORWEB\":false,\"WAIT_TIME\":10}}","time":"2015-10-04T15:32:17.961Z","v":0}
{"name":"app","hostname":"dhvac","pid":3416,"module":{"plugin":true,"name":"script-runner-simple"},"level":20,"msg":"ram launched.","time":"2015-10-04T15:32:17.961Z","v":0}
{"name":"app","hostname":"dhvac","pid":3416,"module":{"plugin":true,"name":"uart-board"},"level":50,"msg":"failed to connect \u001b[33m127.0.0.1:7005\u001b[39m, err: Error: connect ECONNREFUSED","time":"2015-10-04T15:32:17.973Z","v":0}
{"name":"app","hostname":"dhvac","pid":3416,"module":{"name":"BaseApp"},"level":20,"msg":"app[\u001b[90ml4qf4tm-1\u001b[39m].startup-plugins enter","time":"2015-10-04T15:32:17.978Z","v":0}
{"name":"app","hostname":"dhvac","pid":3416,"module":{"plugin":true,"name":"web"},"level":20,"msg":"preparing middlewares ...","time":"2015-10-04T15:32:17.978Z","v":0}
{"name":"app","hostname":"dhvac","pid":3416,"module":{"plugin":true,"name":"web"},"level":20,"msg":"use middleware: body-parser","time":"2015-10-04T15:32:18.007Z","v":0}
{"name":"app","hostname":"dhvac","pid":3416,"module":{"plugin":true,"name":"web"},"level":30,"msg":"using /api/v1/ (partial-response: false)","time":"2015-10-04T15:32:18.008Z","v":0}
{"name":"app","hostname":"dhvac","pid":3416,"module":{"plugin":true,"name":"web"},"level":30,"msg":"add /api/v1/std","time":"2015-10-04T15:32:18.009Z","v":0}
{"name":"app","hostname":"dhvac","pid":3416,"module":{"plugin":true,"name":"web"},"level":30,"msg":"add /api/v1/s","time":"2015-10-04T15:32:18.009Z","v":0}
{"name":"app","hostname":"dhvac","pid":3416,"module":{"plugin":true,"name":"web"},"level":30,"msg":"add handler for ws://localhost/storage","time":"2015-10-04T15:32:18.164Z","v":0}
{"name":"app","hostname":"dhvac","pid":3416,"module":{"plugin":true,"name":"web"},"level":20,"msg":"starting web server ...","time":"2015-10-04T15:32:18.164Z","v":0}
{"name":"app","hostname":"dhvac","pid":3416,"module":{"plugin":true,"name":"web"},"level":30,"msg":"listening \u001b[33m0.0.0.0\u001b[39m:\u001b[36m6020\u001b[39m","time":"2015-10-04T15:32:18.166Z","v":0}
{"name":"app","hostname":"dhvac","pid":3416,"module":{"name":"GLOBAL"},"level":30,"msg":"App ready!!","time":"2015-10-04T15:32:18.167Z","v":0}
{"name":"app","hostname":"dhvac","pid":3416,"module":{"plugin":true,"name":"storage-cmd"},"level":20,"msg":"ram:\u001b[36mstdout\u001b[39m: \u001b[90mDAT: mainboard/7F000001/ram/total\t2098044928\tbytes\u001b[39m","time":"2015-10-04T15:32:18.169Z","v":0}
{"name":"app","hostname":"dhvac","pid":3416,"module":{"plugin":true,"name":"storage-cmd"},"level":30,"msg":"ram: \u001b[33mmainboard/7F000001/ram/total\u001b[39m \u001b[32m2098044928\u001b[39mbytes","time":"2015-10-04T15:32:18.170Z","v":0}
{"name":"app","hostname":"dhvac","pid":3416,"module":{"plugin":true,"name":"storage-cmd"},"level":20,"msg":"ram:\u001b[36mstdout\u001b[39m: \u001b[90mDAT: mainboard/7F000001/ram/used\t979443712\tbytes\u001b[39m","time":"2015-10-04T15:32:18.170Z","v":0}
{"name":"app","hostname":"dhvac","pid":3416,"module":{"plugin":true,"name":"storage-cmd"},"level":30,"msg":"ram: \u001b[33mmainboard/7F000001/ram/used\u001b[39m \u001b[32m979443712\u001b[39mbytes","time":"2015-10-04T15:32:18.171Z","v":0}
{"name":"app","hostname":"dhvac","pid":3416,"module":{"plugin":true,"name":"storage-cmd"},"level":20,"msg":"ram:\u001b[36mstdout\u001b[39m: \u001b[90mDAT: mainboard/7F000001/ram/available\t1118601216\tbytes\u001b[39m","time":"2015-10-04T15:32:18.171Z","v":0}
{"name":"app","hostname":"dhvac","pid":3416,"module":{"plugin":true,"name":"storage-cmd"},"level":30,"msg":"ram: \u001b[33mmainboard/7F000001/ram/available\u001b[39m \u001b[32m1118601216\u001b[39mbytes","time":"2015-10-04T15:32:18.171Z","v":0}
{"name":"app","hostname":"dhvac","pid":3416,"module":{"plugin":true,"name":"storage-cmd"},"level":20,"msg":"disk:\u001b[36mstdout\u001b[39m: \u001b[90mDAT: mainboard/7F000001/disk0/total\t246755328\tbytes\u001b[39m","time":"2015-10-04T15:32:18.172Z","v":0}
{"name":"app","hostname":"dhvac","pid":3416,"module":{"plugin":true,"name":"storage-cmd"},"level":30,"msg":"disk: \u001b[33mmainboard/7F000001/disk0/total\u001b[39m \u001b[32m246755328\u001b[39mbytes","time":"2015-10-04T15:32:18.173Z","v":0}
{"name":"app","hostname":"dhvac","pid":3416,"module":{"plugin":true,"name":"storage-cmd"},"level":20,"msg":"disk:\u001b[36mstdout\u001b[39m: \u001b[90mDAT: mainboard/7F000001/disk0/used\t17\t%\u001b[39m","time":"2015-10-04T15:32:18.173Z","v":0}
{"name":"app","hostname":"dhvac","pid":3416,"module":{"plugin":true,"name":"storage-cmd"},"level":30,"msg":"disk: \u001b[33mmainboard/7F000001/disk0/used\u001b[39m \u001b[32m17\u001b[39m%","time":"2015-10-04T15:32:18.173Z","v":0}
{"name":"app","hostname":"dhvac","pid":3416,"module":{"plugin":true,"name":"storage-cmd"},"level":20,"msg":"disk:\u001b[36mstdout\u001b[39m: \u001b[90mDAT: mainboard/7F000001/disk0/partition\t/dev/sda1\t\u001b[39m","time":"2015-10-04T15:32:18.174Z","v":0}
{"name":"app","hostname":"dhvac","pid":3416,"module":{"plugin":true,"name":"storage-cmd"},"level":30,"msg":"disk: \u001b[33mmainboard/7F000001/disk0/partition\u001b[39m \u001b[32m/dev/sda1\u001b[39m","time":"2015-10-04T15:32:18.175Z","v":0}
{"name":"app","hostname":"dhvac","pid":3416,"module":{"plugin":true,"name":"storage"},"level":30,"msg":"/home/vagrant/testbox/sensor-web-exp/app/work/storage/mainboard/7F000001/ram/total.json does not exist","time":"2015-10-04T15:32:18.175Z","v":0}
{"name":"app","hostname":"dhvac","pid":3416,"module":{"plugin":true,"name":"storage"},"level":30,"msg":"/home/vagrant/testbox/sensor-web-exp/app/work/storage/mainboard/7F000001/ram/used.json does not exist","time":"2015-10-04T15:32:18.176Z","v":0}
{"name":"app","hostname":"dhvac","pid":3416,"module":{"plugin":true,"name":"storage"},"level":30,"msg":"/home/vagrant/testbox/sensor-web-exp/app/work/storage/mainboard/7F000001/ram/available.json does not exist","time":"2015-10-04T15:32:18.176Z","v":0}
{"name":"app","hostname":"dhvac","pid":3416,"module":{"plugin":true,"name":"storage"},"level":30,"msg":"/home/vagrant/testbox/sensor-web-exp/app/work/storage/mainboard/7F000001/disk0/total.json does not exist","time":"2015-10-04T15:32:18.177Z","v":0}
{"name":"app","hostname":"dhvac","pid":3416,"module":{"plugin":true,"name":"storage"},"level":30,"msg":"/home/vagrant/testbox/sensor-web-exp/app/work/storage/mainboard/7F000001/disk0/used.json does not exist","time":"2015-10-04T15:32:18.177Z","v":0}
{"name":"app","hostname":"dhvac","pid":3416,"module":{"plugin":true,"name":"storage"},"level":30,"msg":"/home/vagrant/testbox/sensor-web-exp/app/work/storage/mainboard/7F000001/disk0/partition.json does not exist","time":"2015-10-04T15:32:18.178Z","v":0}
{"name":"app","hostname":"dhvac","pid":3416,"module":{"plugin":true,"name":"storage"},"level":20,"msg":"successfully load mainboard/7F000001/ram : total, store it to memory cache with key: mainboard_7F000001_ram_total","time":"2015-10-04T15:32:18.193Z","v":0}
{"name":"app","hostname":"dhvac","pid":3416,"module":{"plugin":true,"name":"storage"},"level":20,"msg":"writing 231 bytes to /home/vagrant/testbox/sensor-web-exp/app/work/storage/mainboard/7F000001/ram/total.json","time":"2015-10-04T15:32:18.193Z","v":0}
{"name":"app","hostname":"dhvac","pid":3416,"module":{"plugin":true,"name":"storage"},"level":20,"msg":"successfully load mainboard/7F000001/ram : used, store it to memory cache with key: mainboard_7F000001_ram_used","time":"2015-10-04T15:32:18.201Z","v":0}
{"name":"app","hostname":"dhvac","pid":3416,"module":{"plugin":true,"name":"storage"},"level":20,"msg":"writing 229 bytes to /home/vagrant/testbox/sensor-web-exp/app/work/storage/mainboard/7F000001/ram/used.json","time":"2015-10-04T15:32:18.202Z","v":0}
{"name":"app","hostname":"dhvac","pid":3416,"module":{"plugin":true,"name":"storage"},"level":20,"msg":"successfully load mainboard/7F000001/disk0 : used, store it to memory cache with key: mainboard_7F000001_disk0_used","time":"2015-10-04T15:32:18.202Z","v":0}
{"name":"app","hostname":"dhvac","pid":3416,"module":{"plugin":true,"name":"storage"},"level":20,"msg":"writing 220 bytes to /home/vagrant/testbox/sensor-web-exp/app/work/storage/mainboard/7F000001/disk0/used.json","time":"2015-10-04T15:32:18.203Z","v":0}
{"name":"app","hostname":"dhvac","pid":3416,"module":{"plugin":true,"name":"storage"},"level":20,"msg":"successfully load mainboard/7F000001/ram : available, store it to memory cache with key: mainboard_7F000001_ram_available","time":"2015-10-04T15:32:18.203Z","v":0}
{"name":"app","hostname":"dhvac","pid":3416,"module":{"plugin":true,"name":"storage"},"level":20,"msg":"writing 235 bytes to /home/vagrant/testbox/sensor-web-exp/app/work/storage/mainboard/7F000001/ram/available.json","time":"2015-10-04T15:32:18.204Z","v":0}
{"name":"app","hostname":"dhvac","pid":3416,"module":{"plugin":true,"name":"storage"},"level":20,"msg":"successfully load mainboard/7F000001/disk0 : total, store it to memory cache with key: mainboard_7F000001_disk0_total","time":"2015-10-04T15:32:18.206Z","v":0}
{"name":"app","hostname":"dhvac","pid":3416,"module":{"plugin":true,"name":"storage"},"level":20,"msg":"writing 232 bytes to /home/vagrant/testbox/sensor-web-exp/app/work/storage/mainboard/7F000001/disk0/total.json","time":"2015-10-04T15:32:18.207Z","v":0}
{"name":"app","hostname":"dhvac","pid":3416,"module":{"plugin":true,"name":"storage"},"level":20,"msg":"successfully load mainboard/7F000001/disk0 : partition, store it to memory cache with key: mainboard_7F000001_disk0_partition","time":"2015-10-04T15:32:18.207Z","v":0}
{"name":"app","hostname":"dhvac","pid":3416,"module":{"plugin":true,"name":"storage"},"level":20,"msg":"writing 226 bytes to /home/vagrant/testbox/sensor-web-exp/app/work/storage/mainboard/7F000001/disk0/partition.json","time":"2015-10-04T15:32:18.208Z","v":0}
{"name":"app","hostname":"dhvac","pid":3416,"module":{"plugin":true,"name":"uart-board"},"level":50,"msg":"failed to connect \u001b[33m127.0.0.1:7005\u001b[39m, err: Error: connect ECONNREFUSED","time":"2015-10-04T15:32:19.945Z","v":0}
{"name":"app","hostname":"dhvac","pid":3416,"module":{"plugin":true,"name":"uart-board"},"level":50,"msg":"failed to connect \u001b[33m127.0.0.1:7005\u001b[39m, err: Error: connect ECONNREFUSED","time":"2015-10-04T15:32:21.948Z","v":0}
{"name":"app","hostname":"dhvac","pid":3416,"module":{"plugin":true,"name":"uart-board"},"level":50,"msg":"failed to connect \u001b[33m127.0.0.1:7005\u001b[39m, err: Error: connect ECONNREFUSED","time":"2015-10-04T15:32:23.972Z","v":0}
{"name":"app","hostname":"dhvac","pid":3416,"module":{"plugin":true,"name":"uart-board"},"level":50,"msg":"failed to connect \u001b[33m127.0.0.1:7005\u001b[39m, err: Error: connect ECONNREFUSED","time":"2015-10-04T15:32:25.981Z","v":0}
{"name":"app","hostname":"dhvac","pid":3416,"module":{"plugin":true,"name":"uart-board"},"level":50,"msg":"failed to connect \u001b[33m127.0.0.1:7005\u001b[39m, err: Error: connect ECONNREFUSED","time":"2015-10-04T15:32:27.984Z","v":0}
{"name":"app","hostname":"dhvac","pid":3416,"module":{"plugin":true,"name":"storage-cmd"},"level":20,"msg":"ram:\u001b[36mstdout\u001b[39m: \u001b[90mDAT: mainboard/7F000001/ram/total\t2098044928\tbytes\u001b[39m","time":"2015-10-04T15:32:27.995Z","v":0}
{"name":"app","hostname":"dhvac","pid":3416,"module":{"plugin":true,"name":"storage"},"level":20,"msg":"found mainboard_7F000001_ram_total","time":"2015-10-04T15:32:27.995Z","v":0}
{"name":"app","hostname":"dhvac","pid":3416,"module":{"plugin":true,"name":"storage"},"level":20,"msg":"writing 240 bytes to /home/vagrant/testbox/sensor-web-exp/app/work/storage/mainboard/7F000001/ram/total.json","time":"2015-10-04T15:32:27.995Z","v":0}
{"name":"app","hostname":"dhvac","pid":3416,"module":{"plugin":true,"name":"storage-cmd"},"level":30,"msg":"ram: \u001b[33mmainboard/7F000001/ram/total\u001b[39m \u001b[32m2098044928\u001b[39mbytes","time":"2015-10-04T15:32:27.995Z","v":0}
{"name":"app","hostname":"dhvac","pid":3416,"module":{"plugin":true,"name":"storage-cmd"},"level":20,"msg":"ram:\u001b[36mstdout\u001b[39m: \u001b[90mDAT: mainboard/7F000001/ram/used\t980254720\tbytes\u001b[39m","time":"2015-10-04T15:32:27.998Z","v":0}
{"name":"app","hostname":"dhvac","pid":3416,"module":{"plugin":true,"name":"storage"},"level":20,"msg":"found mainboard_7F000001_ram_used","time":"2015-10-04T15:32:27.998Z","v":0}
{"name":"app","hostname":"dhvac","pid":3416,"module":{"plugin":true,"name":"storage"},"level":20,"msg":"writing 237 bytes to /home/vagrant/testbox/sensor-web-exp/app/work/storage/mainboard/7F000001/ram/used.json","time":"2015-10-04T15:32:27.999Z","v":0}
{"name":"app","hostname":"dhvac","pid":3416,"module":{"plugin":true,"name":"storage-cmd"},"level":30,"msg":"ram: \u001b[33mmainboard/7F000001/ram/used\u001b[39m \u001b[32m980254720\u001b[39mbytes","time":"2015-10-04T15:32:27.999Z","v":0}
{"name":"app","hostname":"dhvac","pid":3416,"module":{"plugin":true,"name":"storage-cmd"},"level":20,"msg":"ram:\u001b[36mstdout\u001b[39m: \u001b[90mDAT: mainboard/7F000001/ram/available\t1117790208\tbytes\u001b[39m","time":"2015-10-04T15:32:28.001Z","v":0}
{"name":"app","hostname":"dhvac","pid":3416,"module":{"plugin":true,"name":"storage"},"level":20,"msg":"found mainboard_7F000001_ram_available","time":"2015-10-04T15:32:28.001Z","v":0}
{"name":"app","hostname":"dhvac","pid":3416,"module":{"plugin":true,"name":"storage"},"level":20,"msg":"writing 244 bytes to /home/vagrant/testbox/sensor-web-exp/app/work/storage/mainboard/7F000001/ram/available.json","time":"2015-10-04T15:32:28.001Z","v":0}
{"name":"app","hostname":"dhvac","pid":3416,"module":{"plugin":true,"name":"storage-cmd"},"level":30,"msg":"ram: \u001b[33mmainboard/7F000001/ram/available\u001b[39m \u001b[32m1117790208\u001b[39mbytes","time":"2015-10-04T15:32:28.002Z","v":0}
{"name":"app","hostname":"dhvac","pid":3416,"module":{"plugin":true,"name":"uart-board"},"level":50,"msg":"failed to connect \u001b[33m127.0.0.1:7005\u001b[39m, err: Error: connect ECONNREFUSED","time":"2015-10-04T15:32:29.988Z","v":0}
{"name":"app","hostname":"dhvac","pid":3416,"module":{"plugin":true,"name":"uart-board"},"level":50,"msg":"failed to connect \u001b[33m127.0.0.1:7005\u001b[39m, err: Error: connect ECONNREFUSED","time":"2015-10-04T15:32:31.992Z","v":0}
{"name":"app","hostname":"dhvac","pid":3416,"module":{"plugin":true,"name":"uart-board"},"level":50,"msg":"failed to connect \u001b[33m127.0.0.1:7005\u001b[39m, err: Error: connect ECONNREFUSED","time":"2015-10-04T15:32:34.000Z","v":0}
{"name":"app","hostname":"dhvac","pid":3416,"module":{"plugin":true,"name":"uart-board"},"level":50,"msg":"failed to connect \u001b[33m127.0.0.1:7005\u001b[39m, err: Error: connect ECONNREFUSED","time":"2015-10-04T15:32:36.001Z","v":0}
{"name":"app","hostname":"dhvac","pid":3416,"module":{"plugin":true,"name":"uart-board"},"level":50,"msg":"failed to connect \u001b[33m127.0.0.1:7005\u001b[39m, err: Error: connect ECONNREFUSED","time":"2015-10-04T15:32:38.003Z","v":0}
{"name":"app","hostname":"dhvac","pid":3416,"module":{"plugin":true,"name":"storage-cmd"},"level":20,"msg":"ram:\u001b[36mstdout\u001b[39m: \u001b[90mDAT: mainboard/7F000001/ram/total\t2098044928\tbytes\u001b[39m","time":"2015-10-04T15:32:38.008Z","v":0}
{"name":"app","hostname":"dhvac","pid":3416,"module":{"plugin":true,"name":"storage"},"level":20,"msg":"found mainboard_7F000001_ram_total","time":"2015-10-04T15:32:38.008Z","v":0}
{"name":"app","hostname":"dhvac","pid":3416,"module":{"plugin":true,"name":"storage"},"level":20,"msg":"writing 240 bytes to /home/vagrant/testbox/sensor-web-exp/app/work/storage/mainboard/7F000001/ram/total.json","time":"2015-10-04T15:32:38.008Z","v":0}
{"name":"app","hostname":"dhvac","pid":3416,"module":{"plugin":true,"name":"storage-cmd"},"level":30,"msg":"ram: \u001b[33mmainboard/7F000001/ram/total\u001b[39m \u001b[32m2098044928\u001b[39mbytes","time":"2015-10-04T15:32:38.008Z","v":0}
{"name":"app","hostname":"dhvac","pid":3416,"module":{"plugin":true,"name":"storage-cmd"},"level":20,"msg":"ram:\u001b[36mstdout\u001b[39m: \u001b[90mDAT: mainboard/7F000001/ram/used\t980127744\tbytes\u001b[39m","time":"2015-10-04T15:32:38.009Z","v":0}
{"name":"app","hostname":"dhvac","pid":3416,"module":{"plugin":true,"name":"storage"},"level":20,"msg":"found mainboard_7F000001_ram_used","time":"2015-10-04T15:32:38.009Z","v":0}
{"name":"app","hostname":"dhvac","pid":3416,"module":{"plugin":true,"name":"storage"},"level":20,"msg":"writing 237 bytes to /home/vagrant/testbox/sensor-web-exp/app/work/storage/mainboard/7F000001/ram/used.json","time":"2015-10-04T15:32:38.009Z","v":0}
{"name":"app","hostname":"dhvac","pid":3416,"module":{"plugin":true,"name":"storage-cmd"},"level":30,"msg":"ram: \u001b[33mmainboard/7F000001/ram/used\u001b[39m \u001b[32m980127744\u001b[39mbytes","time":"2015-10-04T15:32:38.010Z","v":0}
{"name":"app","hostname":"dhvac","pid":3416,"module":{"plugin":true,"name":"storage-cmd"},"level":20,"msg":"ram:\u001b[36mstdout\u001b[39m: \u001b[90mDAT: mainboard/7F000001/ram/available\t1117917184\tbytes\u001b[39m","time":"2015-10-04T15:32:38.010Z","v":0}
{"name":"app","hostname":"dhvac","pid":3416,"module":{"plugin":true,"name":"storage"},"level":20,"msg":"found mainboard_7F000001_ram_available","time":"2015-10-04T15:32:38.011Z","v":0}
{"name":"app","hostname":"dhvac","pid":3416,"module":{"plugin":true,"name":"storage"},"level":20,"msg":"writing 244 bytes to /home/vagrant/testbox/sensor-web-exp/app/work/storage/mainboard/7F000001/ram/available.json","time":"2015-10-04T15:32:38.012Z","v":0}
{"name":"app","hostname":"dhvac","pid":3416,"module":{"plugin":true,"name":"storage-cmd"},"level":30,"msg":"ram: \u001b[33mmainboard/7F000001/ram/available\u001b[39m \u001b[32m1117917184\u001b[39mbytes","time":"2015-10-04T15:32:38.013Z","v":0}
{"name":"app","hostname":"dhvac","pid":3416,"module":{"plugin":true,"name":"uart-board"},"level":50,"msg":"failed to connect \u001b[33m127.0.0.1:7005\u001b[39m, err: Error: connect ECONNREFUSED","time":"2015-10-04T15:32:40.007Z","v":0}
{"name":"app","hostname":"dhvac","pid":3416,"module":{"plugin":true,"name":"uart-board"},"level":50,"msg":"failed to connect \u001b[33m127.0.0.1:7005\u001b[39m, err: Error: connect ECONNREFUSED","time":"2015-10-04T15:32:42.010Z","v":0}
{"name":"app","hostname":"dhvac","pid":3577,"module":{"name":"BaseApp"},"level":20,"msg":"logger initiated","time":"2015-10-04T15:33:48.457Z","v":0}
{"name":"app","hostname":"dhvac","pid":3577,"module":{"plugin":true,"name":"web"},"level":20,"msg":"initiate","time":"2015-10-04T15:33:48.936Z","v":0}
{"name":"app","hostname":"dhvac","pid":3577,"module":{"plugin":true,"name":"storage"},"level":20,"msg":"initialized","time":"2015-10-04T15:33:49.257Z","v":0}
{"name":"app","hostname":"dhvac","pid":3577,"module":{"plugin":true,"name":"storage"},"level":20,"msg":"storage initiate","time":"2015-10-04T15:33:49.257Z","v":0}
{"name":"app","hostname":"dhvac","pid":3577,"module":{"plugin":true,"name":"storage-logger"},"level":20,"msg":"initialized","time":"2015-10-04T15:33:49.271Z","v":0}
{"name":"app","hostname":"dhvac","pid":3577,"module":{"plugin":true,"name":"uart-board"},"level":20,"msg":"initialized","time":"2015-10-04T15:33:49.387Z","v":0}
{"name":"app","hostname":"dhvac","pid":3577,"module":{"plugin":true,"name":"script-runner-simple"},"level":20,"msg":"attached","time":"2015-10-04T15:33:49.530Z","v":0}
{"name":"app","hostname":"dhvac","pid":3577,"module":{"plugin":true,"name":"storage-cmd"},"level":20,"msg":"attached","time":"2015-10-04T15:33:49.580Z","v":0}
{"name":"app","hostname":"dhvac","pid":3577,"module":{"name":"GLOBAL"},"level":20,"msg":"creating /home/vagrant/testbox/sensor-web-exp/app/work/web/upload ...","time":"2015-10-04T15:33:49.605Z","v":0}
{"name":"app","hostname":"dhvac","pid":3577,"module":{"plugin":true,"name":"storage"},"level":20,"msg":"trying to create /home/vagrant/testbox/sensor-web-exp/app/work/storage if missing ...","time":"2015-10-04T15:33:49.608Z","v":0}
{"name":"app","hostname":"dhvac","pid":3577,"module":{"name":"GLOBAL"},"level":20,"msg":"creating /home/vagrant/testbox/sensor-web-exp/app/work/storage ...","time":"2015-10-04T15:33:49.609Z","v":0}
{"name":"app","hostname":"dhvac","pid":3577,"module":{"plugin":true,"name":"uart-board"},"level":20,"msg":"initiated","time":"2015-10-04T15:33:49.701Z","v":0}
{"name":"app","hostname":"dhvac","pid":3577,"module":{"plugin":true,"name":"uart-board"},"level":30,"msg":"successfully initiate communicators[0] - \u001b[32msensorboard\u001b[39m - \u001b[33mtcp://127.0.0.1:7005/\u001b[39m","time":"2015-10-04T15:33:49.703Z","v":0}
{"name":"app","hostname":"dhvac","pid":3577,"module":{"plugin":true,"name":"script-runner-simple"},"level":20,"msg":"configs[0] = {\"name\":\"system\",\"command\":\"/home/vagrant/testbox/sensor-web-exp/app/scripts/stats\",\"args\":[\"cpu\",\"apps_x\"],\"cwd\":\"/home/vagrant/testbox/sensor-web-exp/app\",\"env\":{\"OUTPUT_SENSORWEB\":false,\"WAIT_TIME\":1}}","time":"2015-10-04T15:33:49.713Z","v":0}
{"name":"app","hostname":"dhvac","pid":3577,"module":{"plugin":true,"name":"script-runner-simple"},"level":20,"msg":"system launched.","time":"2015-10-04T15:33:49.713Z","v":0}
{"name":"app","hostname":"dhvac","pid":3577,"module":{"plugin":true,"name":"script-runner-simple"},"level":20,"msg":"configs[1] = {\"name\":\"disk\",\"command\":\"/home/vagrant/testbox/sensor-web-exp/app/scripts/stats\",\"args\":[\"disk\"],\"cwd\":\"/home/vagrant/testbox/sensor-web-exp/app\",\"env\":{\"OUTPUT_SENSORWEB\":false,\"WAIT_TIME\":60}}","time":"2015-10-04T15:33:49.720Z","v":0}
{"name":"app","hostname":"dhvac","pid":3577,"module":{"plugin":true,"name":"script-runner-simple"},"level":20,"msg":"disk launched.","time":"2015-10-04T15:33:49.721Z","v":0}
{"name":"app","hostname":"dhvac","pid":3577,"module":{"plugin":true,"name":"script-runner-simple"},"level":20,"msg":"configs[2] = {\"name\":\"ram\",\"command\":\"/home/vagrant/testbox/sensor-web-exp/app/scripts/stats\",\"args\":[\"ram\"],\"cwd\":\"/home/vagrant/testbox/sensor-web-exp/app\",\"env\":{\"OUTPUT_SENSORWEB\":false,\"WAIT_TIME\":10}}","time":"2015-10-04T15:33:49.725Z","v":0}
{"name":"app","hostname":"dhvac","pid":3577,"module":{"plugin":true,"name":"script-runner-simple"},"level":20,"msg":"ram launched.","time":"2015-10-04T15:33:49.725Z","v":0}
{"name":"app","hostname":"dhvac","pid":3577,"module":{"plugin":true,"name":"uart-board"},"level":50,"msg":"failed to connect \u001b[33m127.0.0.1:7005\u001b[39m, err: Error: connect ECONNREFUSED","time":"2015-10-04T15:33:49.733Z","v":0}
{"name":"app","hostname":"dhvac","pid":3577,"module":{"name":"BaseApp"},"level":20,"msg":"app[\u001b[90mncwswf4-1\u001b[39m].startup-plugins enter","time":"2015-10-04T15:33:49.735Z","v":0}
{"name":"app","hostname":"dhvac","pid":3577,"module":{"plugin":true,"name":"web"},"level":20,"msg":"preparing middlewares ...","time":"2015-10-04T15:33:49.737Z","v":0}
{"name":"app","hostname":"dhvac","pid":3577,"module":{"plugin":true,"name":"web"},"level":20,"msg":"use middleware: body-parser","time":"2015-10-04T15:33:49.767Z","v":0}
{"name":"app","hostname":"dhvac","pid":3577,"module":{"plugin":true,"name":"web"},"level":30,"msg":"using /api/v1/ (partial-response: false)","time":"2015-10-04T15:33:49.768Z","v":0}
{"name":"app","hostname":"dhvac","pid":3577,"module":{"plugin":true,"name":"web"},"level":30,"msg":"add /api/v1/std","time":"2015-10-04T15:33:49.769Z","v":0}
{"name":"app","hostname":"dhvac","pid":3577,"module":{"plugin":true,"name":"web"},"level":30,"msg":"add /api/v1/s","time":"2015-10-04T15:33:49.770Z","v":0}
{"name":"app","hostname":"dhvac","pid":3577,"module":{"plugin":true,"name":"web"},"level":30,"msg":"add handler for ws://localhost/storage","time":"2015-10-04T15:33:49.921Z","v":0}
{"name":"app","hostname":"dhvac","pid":3577,"module":{"plugin":true,"name":"web"},"level":20,"msg":"starting web server ...","time":"2015-10-04T15:33:49.922Z","v":0}
{"name":"app","hostname":"dhvac","pid":3577,"module":{"plugin":true,"name":"web"},"level":30,"msg":"listening \u001b[33m0.0.0.0\u001b[39m:\u001b[36m6020\u001b[39m","time":"2015-10-04T15:33:49.923Z","v":0}
{"name":"app","hostname":"dhvac","pid":3577,"module":{"name":"GLOBAL"},"level":30,"msg":"App ready!!","time":"2015-10-04T15:33:49.924Z","v":0}
{"name":"app","hostname":"dhvac","pid":3577,"module":{"plugin":true,"name":"storage-cmd"},"level":20,"msg":"disk:\u001b[36mstdout\u001b[39m: \u001b[90mDAT: mainboard/7F000001/disk0/total\t246755328\tbytes\u001b[39m","time":"2015-10-04T15:33:49.925Z","v":0}
{"name":"app","hostname":"dhvac","pid":3577,"module":{"plugin":true,"name":"storage-cmd"},"level":30,"msg":"disk: \u001b[33mmainboard/7F000001/disk0/total\u001b[39m \u001b[32m246755328\u001b[39mbytes","time":"2015-10-04T15:33:49.927Z","v":0}
{"name":"app","hostname":"dhvac","pid":3577,"module":{"plugin":true,"name":"storage-cmd"},"level":20,"msg":"disk:\u001b[36mstdout\u001b[39m: \u001b[90mDAT: mainboard/7F000001/disk0/used\t17\t%\u001b[39m","time":"2015-10-04T15:33:49.928Z","v":0}
{"name":"app","hostname":"dhvac","pid":3577,"module":{"plugin":true,"name":"storage-cmd"},"level":30,"msg":"disk: \u001b[33mmainboard/7F000001/disk0/used\u001b[39m \u001b[32m17\u001b[39m%","time":"2015-10-04T15:33:49.929Z","v":0}
{"name":"app","hostname":"dhvac","pid":3577,"module":{"plugin":true,"name":"storage-cmd"},"level":20,"msg":"disk:\u001b[36mstdout\u001b[39m: \u001b[90mDAT: mainboard/7F000001/disk0/partition\t/dev/sda1\t\u001b[39m","time":"2015-10-04T15:33:49.930Z","v":0}
{"name":"app","hostname":"dhvac","pid":3577,"module":{"plugin":true,"name":"storage-cmd"},"level":30,"msg":"disk: \u001b[33mmainboard/7F000001/disk0/partition\u001b[39m \u001b[32m/dev/sda1\u001b[39m","time":"2015-10-04T15:33:49.931Z","v":0}
{"name":"app","hostname":"dhvac","pid":3577,"module":{"plugin":true,"name":"storage-cmd"},"level":20,"msg":"ram:\u001b[36mstdout\u001b[39m: \u001b[90mDAT: mainboard/7F000001/ram/total\t2098044928\tbytes\u001b[39m","time":"2015-10-04T15:33:49.932Z","v":0}
{"name":"app","hostname":"dhvac","pid":3577,"module":{"plugin":true,"name":"storage-cmd"},"level":30,"msg":"ram: \u001b[33mmainboard/7F000001/ram/total\u001b[39m \u001b[32m2098044928\u001b[39mbytes","time":"2015-10-04T15:33:49.933Z","v":0}
{"name":"app","hostname":"dhvac","pid":3577,"module":{"plugin":true,"name":"storage-cmd"},"level":20,"msg":"ram:\u001b[36mstdout\u001b[39m: \u001b[90mDAT: mainboard/7F000001/ram/used\t976355328\tbytes\u001b[39m","time":"2015-10-04T15:33:49.934Z","v":0}
{"name":"app","hostname":"dhvac","pid":3577,"module":{"plugin":true,"name":"storage-cmd"},"level":30,"msg":"ram: \u001b[33mmainboard/7F000001/ram/used\u001b[39m \u001b[32m976355328\u001b[39mbytes","time":"2015-10-04T15:33:49.935Z","v":0}
{"name":"app","hostname":"dhvac","pid":3577,"module":{"plugin":true,"name":"storage-cmd"},"level":20,"msg":"ram:\u001b[36mstdout\u001b[39m: \u001b[90mDAT: mainboard/7F000001/ram/available\t1121689600\tbytes\u001b[39m","time":"2015-10-04T15:33:49.936Z","v":0}
{"name":"app","hostname":"dhvac","pid":3577,"module":{"plugin":true,"name":"storage-cmd"},"level":30,"msg":"ram: \u001b[33mmainboard/7F000001/ram/available\u001b[39m \u001b[32m1121689600\u001b[39mbytes","time":"2015-10-04T15:33:49.938Z","v":0}
{"name":"app","hostname":"dhvac","pid":3577,"module":{"plugin":true,"name":"storage"},"level":20,"msg":"/home/vagrant/testbox/sensor-web-exp/app/work/storage/mainboard/7F000001/disk0/total.json exists","time":"2015-10-04T15:33:49.939Z","v":0}
{"name":"app","hostname":"dhvac","pid":3577,"module":{"plugin":true,"name":"storage"},"level":20,"msg":"/home/vagrant/testbox/sensor-web-exp/app/work/storage/mainboard/7F000001/disk0/used.json exists","time":"2015-10-04T15:33:49.940Z","v":0}
{"name":"app","hostname":"dhvac","pid":3577,"module":{"plugin":true,"name":"storage"},"level":20,"msg":"/home/vagrant/testbox/sensor-web-exp/app/work/storage/mainboard/7F000001/disk0/partition.json exists","time":"2015-10-04T15:33:49.941Z","v":0}
{"name":"app","hostname":"dhvac","pid":3577,"module":{"plugin":true,"name":"storage"},"level":20,"msg":"/home/vagrant/testbox/sensor-web-exp/app/work/storage/mainboard/7F000001/ram/total.json exists","time":"2015-10-04T15:33:49.942Z","v":0}
{"name":"app","hostname":"dhvac","pid":3577,"module":{"plugin":true,"name":"storage"},"level":20,"msg":"/home/vagrant/testbox/sensor-web-exp/app/work/storage/mainboard/7F000001/ram/used.json exists","time":"2015-10-04T15:33:49.943Z","v":0}
{"name":"app","hostname":"dhvac","pid":3577,"module":{"plugin":true,"name":"storage"},"level":20,"msg":"/home/vagrant/testbox/sensor-web-exp/app/work/storage/mainboard/7F000001/ram/available.json exists","time":"2015-10-04T15:33:49.944Z","v":0}
{"name":"app","hostname":"dhvac","pid":3577,"module":{"plugin":true,"name":"storage"},"level":20,"msg":"successfully load mainboard/7F000001/disk0 : total, store it to memory cache with key: mainboard_7F000001_disk0_total","time":"2015-10-04T15:33:49.947Z","v":0}
{"name":"app","hostname":"dhvac","pid":3577,"module":{"plugin":true,"name":"storage"},"level":20,"msg":"writing 240 bytes to /home/vagrant/testbox/sensor-web-exp/app/work/storage/mainboard/7F000001/disk0/total.json","time":"2015-10-04T15:33:49.948Z","v":0}
{"name":"app","hostname":"dhvac","pid":3577,"module":{"plugin":true,"name":"storage"},"level":20,"msg":"successfully load mainboard/7F000001/disk0 : used, store it to memory cache with key: mainboard_7F000001_disk0_used","time":"2015-10-04T15:33:49.950Z","v":0}
{"name":"app","hostname":"dhvac","pid":3577,"module":{"plugin":true,"name":"storage"},"level":20,"msg":"writing 221 bytes to /home/vagrant/testbox/sensor-web-exp/app/work/storage/mainboard/7F000001/disk0/used.json","time":"2015-10-04T15:33:49.950Z","v":0}
{"name":"app","hostname":"dhvac","pid":3577,"module":{"plugin":true,"name":"storage"},"level":20,"msg":"successfully load mainboard/7F000001/ram : total, store it to memory cache with key: mainboard_7F000001_ram_total","time":"2015-10-04T15:33:49.951Z","v":0}
{"name":"app","hostname":"dhvac","pid":3577,"module":{"plugin":true,"name":"storage"},"level":20,"msg":"writing 240 bytes to /home/vagrant/testbox/sensor-web-exp/app/work/storage/mainboard/7F000001/ram/total.json","time":"2015-10-04T15:33:49.952Z","v":0}
{"name":"app","hostname":"dhvac","pid":3577,"module":{"plugin":true,"name":"storage"},"level":20,"msg":"successfully load mainboard/7F000001/disk0 : partition, store it to memory cache with key: mainboard_7F000001_disk0_partition","time":"2015-10-04T15:33:49.953Z","v":0}
{"name":"app","hostname":"dhvac","pid":3577,"module":{"plugin":true,"name":"storage"},"level":20,"msg":"writing 226 bytes to /home/vagrant/testbox/sensor-web-exp/app/work/storage/mainboard/7F000001/disk0/partition.json","time":"2015-10-04T15:33:49.954Z","v":0}
{"name":"app","hostname":"dhvac","pid":3577,"module":{"plugin":true,"name":"storage"},"level":20,"msg":"successfully load mainboard/7F000001/ram : used, store it to memory cache with key: mainboard_7F000001_ram_used","time":"2015-10-04T15:33:49.954Z","v":0}
{"name":"app","hostname":"dhvac","pid":3577,"module":{"plugin":true,"name":"storage"},"level":20,"msg":"writing 237 bytes to /home/vagrant/testbox/sensor-web-exp/app/work/storage/mainboard/7F000001/ram/used.json","time":"2015-10-04T15:33:49.955Z","v":0}
{"name":"app","hostname":"dhvac","pid":3577,"module":{"plugin":true,"name":"storage"},"level":20,"msg":"successfully load mainboard/7F000001/ram : available, store it to memory cache with key: mainboard_7F000001_ram_available","time":"2015-10-04T15:33:49.958Z","v":0}
{"name":"app","hostname":"dhvac","pid":3577,"module":{"plugin":true,"name":"storage"},"level":20,"msg":"writing 244 bytes to /home/vagrant/testbox/sensor-web-exp/app/work/storage/mainboard/7F000001/ram/available.json","time":"2015-10-04T15:33:49.959Z","v":0}
{"name":"app","hostname":"dhvac","pid":3577,"module":{"plugin":true,"name":"uart-board"},"level":50,"msg":"failed to connect \u001b[33m127.0.0.1:7005\u001b[39m, err: Error: connect ECONNREFUSED","time":"2015-10-04T15:33:51.707Z","v":0}
{"name":"app","hostname":"dhvac","pid":3577,"module":{"plugin":true,"name":"uart-board"},"level":50,"msg":"failed to connect \u001b[33m127.0.0.1:7005\u001b[39m, err: Error: connect ECONNREFUSED","time":"2015-10-04T15:33:53.711Z","v":0}
{"name":"app","hostname":"dhvac","pid":3577,"module":{"plugin":true,"name":"uart-board"},"level":50,"msg":"failed to connect \u001b[33m127.0.0.1:7005\u001b[39m, err: Error: connect ECONNREFUSED","time":"2015-10-04T15:33:55.713Z","v":0}
{"name":"app","hostname":"dhvac","pid":3577,"module":{"plugin":true,"name":"uart-board"},"level":50,"msg":"failed to connect \u001b[33m127.0.0.1:7005\u001b[39m, err: Error: connect ECONNREFUSED","time":"2015-10-04T15:33:57.719Z","v":0}
{"name":"app","hostname":"dhvac","pid":3577,"module":{"plugin":true,"name":"uart-board"},"level":50,"msg":"failed to connect \u001b[33m127.0.0.1:7005\u001b[39m, err: Error: connect ECONNREFUSED","time":"2015-10-04T15:33:59.722Z","v":0}
{"name":"app","hostname":"dhvac","pid":3577,"module":{"plugin":true,"name":"storage-cmd"},"level":20,"msg":"ram:\u001b[36mstdout\u001b[39m: \u001b[90mDAT: mainboard/7F000001/ram/total\t2098044928\tbytes\u001b[39m","time":"2015-10-04T15:33:59.756Z","v":0}
{"name":"app","hostname":"dhvac","pid":3577,"module":{"plugin":true,"name":"storage"},"level":20,"msg":"found mainboard_7F000001_ram_total","time":"2015-10-04T15:33:59.757Z","v":0}
{"name":"app","hostname":"dhvac","pid":3577,"module":{"plugin":true,"name":"storage"},"level":20,"msg":"writing 240 bytes to /home/vagrant/testbox/sensor-web-exp/app/work/storage/mainboard/7F000001/ram/total.json","time":"2015-10-04T15:33:59.758Z","v":0}
{"name":"app","hostname":"dhvac","pid":3577,"module":{"plugin":true,"name":"storage-cmd"},"level":30,"msg":"ram: \u001b[33mmainboard/7F000001/ram/total\u001b[39m \u001b[32m2098044928\u001b[39mbytes","time":"2015-10-04T15:33:59.758Z","v":0}
{"name":"app","hostname":"dhvac","pid":3577,"module":{"plugin":true,"name":"storage-cmd"},"level":20,"msg":"ram:\u001b[36mstdout\u001b[39m: \u001b[90mDAT: mainboard/7F000001/ram/used\t977117184\tbytes\u001b[39m","time":"2015-10-04T15:33:59.759Z","v":0}
{"name":"app","hostname":"dhvac","pid":3577,"module":{"plugin":true,"name":"storage"},"level":20,"msg":"found mainboard_7F000001_ram_used","time":"2015-10-04T15:33:59.760Z","v":0}
{"name":"app","hostname":"dhvac","pid":3577,"module":{"plugin":true,"name":"storage"},"level":20,"msg":"writing 237 bytes to /home/vagrant/testbox/sensor-web-exp/app/work/storage/mainboard/7F000001/ram/used.json","time":"2015-10-04T15:33:59.761Z","v":0}
{"name":"app","hostname":"dhvac","pid":3577,"module":{"plugin":true,"name":"storage-cmd"},"level":30,"msg":"ram: \u001b[33mmainboard/7F000001/ram/used\u001b[39m \u001b[32m977117184\u001b[39mbytes","time":"2015-10-04T15:33:59.762Z","v":0}
{"name":"app","hostname":"dhvac","pid":3577,"module":{"plugin":true,"name":"storage-cmd"},"level":20,"msg":"ram:\u001b[36mstdout\u001b[39m: \u001b[90mDAT: mainboard/7F000001/ram/available\t1120927744\tbytes\u001b[39m","time":"2015-10-04T15:33:59.763Z","v":0}
{"name":"app","hostname":"dhvac","pid":3577,"module":{"plugin":true,"name":"storage"},"level":20,"msg":"found mainboard_7F000001_ram_available","time":"2015-10-04T15:33:59.764Z","v":0}
{"name":"app","hostname":"dhvac","pid":3577,"module":{"plugin":true,"name":"storage"},"level":20,"msg":"writing 244 bytes to /home/vagrant/testbox/sensor-web-exp/app/work/storage/mainboard/7F000001/ram/available.json","time":"2015-10-04T15:33:59.765Z","v":0}
{"name":"app","hostname":"dhvac","pid":3577,"module":{"plugin":true,"name":"storage-cmd"},"level":30,"msg":"ram: \u001b[33mmainboard/7F000001/ram/available\u001b[39m \u001b[32m1120927744\u001b[39mbytes","time":"2015-10-04T15:33:59.765Z","v":0}
{"name":"app","hostname":"dhvac","pid":3577,"module":{"plugin":true,"name":"uart-board"},"level":50,"msg":"failed to connect \u001b[33m127.0.0.1:7005\u001b[39m, err: Error: connect ECONNREFUSED","time":"2015-10-04T15:34:01.726Z","v":0}
{"name":"app","hostname":"dhvac","pid":3577,"module":{"plugin":true,"name":"uart-board"},"level":50,"msg":"failed to connect \u001b[33m127.0.0.1:7005\u001b[39m, err: Error: connect ECONNREFUSED","time":"2015-10-04T15:34:03.729Z","v":0}
{"name":"app","hostname":"dhvac","pid":3577,"module":{"plugin":true,"name":"uart-board"},"level":50,"msg":"failed to connect \u001b[33m127.0.0.1:7005\u001b[39m, err: Error: connect ECONNREFUSED","time":"2015-10-04T15:34:05.731Z","v":0}
{"name":"app","hostname":"dhvac","pid":3577,"module":{"plugin":true,"name":"uart-board"},"level":50,"msg":"failed to connect \u001b[33m127.0.0.1:7005\u001b[39m, err: Error: connect ECONNREFUSED","time":"2015-10-04T15:34:07.736Z","v":0}
{"name":"app","hostname":"dhvac","pid":3577,"module":{"plugin":true,"name":"uart-board"},"level":50,"msg":"failed to connect \u001b[33m127.0.0.1:7005\u001b[39m, err: Error: connect ECONNREFUSED","time":"2015-10-04T15:34:09.742Z","v":0}
{"name":"app","hostname":"dhvac","pid":3577,"module":{"plugin":true,"name":"storage-cmd"},"level":20,"msg":"ram:\u001b[36mstdout\u001b[39m: \u001b[90mDAT: mainboard/7F000001/ram/total\t2098044928\tbytes\u001b[39m","time":"2015-10-04T15:34:09.780Z","v":0}
{"name":"app","hostname":"dhvac","pid":3577,"module":{"plugin":true,"name":"storage"},"level":20,"msg":"found mainboard_7F000001_ram_total","time":"2015-10-04T15:34:09.781Z","v":0}
{"name":"app","hostname":"dhvac","pid":3577,"module":{"plugin":true,"name":"storage"},"level":20,"msg":"writing 240 bytes to /home/vagrant/testbox/sensor-web-exp/app/work/storage/mainboard/7F000001/ram/total.json","time":"2015-10-04T15:34:09.782Z","v":0}
{"name":"app","hostname":"dhvac","pid":3577,"module":{"plugin":true,"name":"storage-cmd"},"level":30,"msg":"ram: \u001b[33mmainboard/7F000001/ram/total\u001b[39m \u001b[32m2098044928\u001b[39mbytes","time":"2015-10-04T15:34:09.783Z","v":0}
{"name":"app","hostname":"dhvac","pid":3577,"module":{"plugin":true,"name":"storage-cmd"},"level":20,"msg":"ram:\u001b[36mstdout\u001b[39m: \u001b[90mDAT: mainboard/7F000001/ram/used\t976855040\tbytes\u001b[39m","time":"2015-10-04T15:34:09.785Z","v":0}
{"name":"app","hostname":"dhvac","pid":3577,"module":{"plugin":true,"name":"storage"},"level":20,"msg":"found mainboard_7F000001_ram_used","time":"2015-10-04T15:34:09.786Z","v":0}
{"name":"app","hostname":"dhvac","pid":3577,"module":{"plugin":true,"name":"storage"},"level":20,"msg":"writing 237 bytes to /home/vagrant/testbox/sensor-web-exp/app/work/storage/mainboard/7F000001/ram/used.json","time":"2015-10-04T15:34:09.787Z","v":0}
{"name":"app","hostname":"dhvac","pid":3577,"module":{"plugin":true,"name":"storage-cmd"},"level":30,"msg":"ram: \u001b[33mmainboard/7F000001/ram/used\u001b[39m \u001b[32m976855040\u001b[39mbytes","time":"2015-10-04T15:34:09.788Z","v":0}
{"name":"app","hostname":"dhvac","pid":3577,"module":{"plugin":true,"name":"storage-cmd"},"level":20,"msg":"ram:\u001b[36mstdout\u001b[39m: \u001b[90mDAT: mainboard/7F000001/ram/available\t1121189888\tbytes\u001b[39m","time":"2015-10-04T15:34:09.789Z","v":0}
{"name":"app","hostname":"dhvac","pid":3577,"module":{"plugin":true,"name":"storage"},"level":20,"msg":"found mainboard_7F000001_ram_available","time":"2015-10-04T15:34:09.789Z","v":0}
{"name":"app","hostname":"dhvac","pid":3577,"module":{"plugin":true,"name":"storage"},"level":20,"msg":"writing 244 bytes to /home/vagrant/testbox/sensor-web-exp/app/work/storage/mainboard/7F000001/ram/available.json","time":"2015-10-04T15:34:09.790Z","v":0}
{"name":"app","hostname":"dhvac","pid":3577,"module":{"plugin":true,"name":"storage-cmd"},"level":30,"msg":"ram: \u001b[33mmainboard/7F000001/ram/available\u001b[39m \u001b[32m1121189888\u001b[39mbytes","time":"2015-10-04T15:34:09.790Z","v":0}
{"name":"app","hostname":"dhvac","pid":3577,"module":{"plugin":true,"name":"uart-board"},"level":50,"msg":"failed to connect \u001b[33m127.0.0.1:7005\u001b[39m, err: Error: connect ECONNREFUSED","time":"2015-10-04T15:34:11.745Z","v":0}
